1365 [main] INFO  o.d.prack15.Prack15Application
                – Starting Prack15Application using Java 21.0.2 with PID 3640 (C:\Users\user\IdeaProjects\pr21\target\classes started by user in C:\Users\user\IdeaProjects\pr21)
1382 [main] INFO  o.d.prack15.Prack15Application
                – No active profile set, falling back to 1 default profile: "default"
2488 [main] INFO  o.s.d.r.c.RepositoryConfigurationDelegate
                – Bootstrapping Spring Data JPA repositories in DEFAULT mode.
2606 [main] INFO  o.s.d.r.c.RepositoryConfigurationDelegate
                – Finished Spring Data repository scanning in 102 ms. Found 2 JPA repository interfaces.
3924 [main] INFO  o.s.b.w.e.tomcat.TomcatWebServer
                – Tomcat initialized with port 8080 (http)
3941 [main] INFO  o.a.coyote.http11.Http11NioProtocol
                – Initializing ProtocolHandler ["http-nio-8080"]
3944 [main] INFO  o.a.catalina.core.StandardService
                – Starting service [Tomcat]
3945 [main] INFO  o.a.catalina.core.StandardEngine
                – Starting Servlet engine: [Apache Tomcat/10.1.19]
4061 [main] INFO  o.a.c.c.C.[Tomcat].[localhost].[/]
                – Initializing Spring embedded WebApplicationContext
4062 [main] INFO  o.s.b.w.s.c.ServletWebServerApplicationContext
                – Root WebApplicationContext: initialization completed in 2599 ms
4377 [main] INFO  o.h.jpa.internal.util.LogHelper
                – HHH000204: Processing PersistenceUnitInfo [name: default]
4489 [main] INFO  org.hibernate.Version
                – HHH000412: Hibernate ORM core version 6.4.4.Final
4570 [main] INFO  o.h.c.i.RegionFactoryInitiator
                – HHH000026: Second-level cache disabled
5030 [main] INFO  o.s.o.j.p.SpringPersistenceUnitInfo
                – No LoadTimeWeaver setup: ignoring JPA class transformer
5080 [main] INFO  com.zaxxer.hikari.HikariDataSource
                – HikariPool-1 - Starting...
5458 [main] INFO  com.zaxxer.hikari.pool.HikariPool
                – HikariPool-1 - Added connection org.postgresql.jdbc.PgConnection@370225c7
5461 [main] INFO  com.zaxxer.hikari.HikariDataSource
                – HikariPool-1 - Start completed.
5564 [main] WARN  org.hibernate.orm.deprecation
                – HHH90000025: PostgreSQLDialect does not need to be specified explicitly using 'hibernate.dialect' (remove the property setting and it will be selected by default)
7462 [main] INFO  o.h.e.t.j.p.i.JtaPlatformInitiator
                – HHH000489: No JTA platform available (set 'hibernate.transaction.jta.platform' to enable JTA platform integration)
7706 [main] INFO  o.s.o.j.LocalContainerEntityManagerFactoryBean
                – Initialized JPA EntityManagerFactory for persistence unit 'default'
8645 [main] WARN  o.s.b.a.o.j.JpaBaseConfiguration$JpaWebConfiguration
                – spring.jpa.open-in-view is enabled by default. Therefore, database queries may be performed during view rendering. Explicitly configure spring.jpa.open-in-view to disable this warning
9468 [main] INFO  o.a.coyote.http11.Http11NioProtocol
                – Starting ProtocolHandler ["http-nio-8080"]
9495 [main] INFO  o.s.b.w.e.tomcat.TomcatWebServer
                – Tomcat started on port 8080 (http) with context path ''
9512 [main] INFO  o.d.prack15.Prack15Application
                – Started Prack15Application in 8.822 seconds (process running for 10.447)
9785 [scheduling-1] INFO  o.d.p.a.ServiceExecutionTimeAspect
                – void org.dmitriy.prack15.services.DataProcessingService.processData() executed in 260ms
72782 [SpringApplicationShutdownHook] INFO  o.s.o.j.LocalContainerEntityManagerFactoryBean
                – Closing JPA EntityManagerFactory for persistence unit 'default'
72787 [SpringApplicationShutdownHook] INFO  com.zaxxer.hikari.HikariDataSource
                – HikariPool-1 - Shutdown initiated...
72799 [SpringApplicationShutdownHook] INFO  com.zaxxer.hikari.HikariDataSource
                – HikariPool-1 - Shutdown completed.
1075 [main] INFO  o.d.prack15.Prack15Application
                – Starting Prack15Application using Java 21.0.2 with PID 13992 (C:\Users\user\IdeaProjects\pr21\target\classes started by user in C:\Users\user\IdeaProjects\pr21)
1078 [main] INFO  o.d.prack15.Prack15Application
                – No active profile set, falling back to 1 default profile: "default"
2026 [main] INFO  o.s.d.r.c.RepositoryConfigurationDelegate
                – Bootstrapping Spring Data JPA repositories in DEFAULT mode.
2106 [main] INFO  o.s.d.r.c.RepositoryConfigurationDelegate
                – Finished Spring Data repository scanning in 70 ms. Found 2 JPA repository interfaces.
3283 [main] INFO  o.s.b.w.e.tomcat.TomcatWebServer
                – Tomcat initialized with port 8080 (http)
3302 [main] INFO  o.a.coyote.http11.Http11NioProtocol
                – Initializing ProtocolHandler ["http-nio-8080"]
3306 [main] INFO  o.a.catalina.core.StandardService
                – Starting service [Tomcat]
3306 [main] INFO  o.a.catalina.core.StandardEngine
                – Starting Servlet engine: [Apache Tomcat/10.1.19]
3416 [main] INFO  o.a.c.c.C.[Tomcat].[localhost].[/]
                – Initializing Spring embedded WebApplicationContext
3417 [main] INFO  o.s.b.w.s.c.ServletWebServerApplicationContext
                – Root WebApplicationContext: initialization completed in 2275 ms
3757 [main] INFO  o.h.jpa.internal.util.LogHelper
                – HHH000204: Processing PersistenceUnitInfo [name: default]
3863 [main] INFO  org.hibernate.Version
                – HHH000412: Hibernate ORM core version 6.4.4.Final
3920 [main] INFO  o.h.c.i.RegionFactoryInitiator
                – HHH000026: Second-level cache disabled
4301 [main] INFO  o.s.o.j.p.SpringPersistenceUnitInfo
                – No LoadTimeWeaver setup: ignoring JPA class transformer
4341 [main] INFO  com.zaxxer.hikari.HikariDataSource
                – HikariPool-1 - Starting...
4683 [main] INFO  com.zaxxer.hikari.pool.HikariPool
                – HikariPool-1 - Added connection org.postgresql.jdbc.PgConnection@2d9de284
4686 [main] INFO  com.zaxxer.hikari.HikariDataSource
                – HikariPool-1 - Start completed.
4738 [main] WARN  org.hibernate.orm.deprecation
                – HHH90000025: PostgreSQLDialect does not need to be specified explicitly using 'hibernate.dialect' (remove the property setting and it will be selected by default)
6275 [main] INFO  o.h.e.t.j.p.i.JtaPlatformInitiator
                – HHH000489: No JTA platform available (set 'hibernate.transaction.jta.platform' to enable JTA platform integration)
6377 [main] INFO  o.s.o.j.LocalContainerEntityManagerFactoryBean
                – Initialized JPA EntityManagerFactory for persistence unit 'default'
7234 [main] WARN  o.s.b.a.o.j.JpaBaseConfiguration$JpaWebConfiguration
                – spring.jpa.open-in-view is enabled by default. Therefore, database queries may be performed during view rendering. Explicitly configure spring.jpa.open-in-view to disable this warning
7977 [main] INFO  o.a.coyote.http11.Http11NioProtocol
                – Starting ProtocolHandler ["http-nio-8080"]
8008 [main] INFO  o.s.b.w.e.tomcat.TomcatWebServer
                – Tomcat started on port 8080 (http) with context path ''
8025 [main] INFO  o.d.prack15.Prack15Application
                – Started Prack15Application in 7.509 seconds (process running for 8.804)
8281 [scheduling-1] INFO  o.d.p.a.ServiceExecutionTimeAspect
                – void org.dmitriy.prack15.services.DataProcessingService.processData() executed in 243ms
61204 [SpringApplicationShutdownHook] INFO  o.s.o.j.LocalContainerEntityManagerFactoryBean
                – Closing JPA EntityManagerFactory for persistence unit 'default'
61207 [SpringApplicationShutdownHook] INFO  com.zaxxer.hikari.HikariDataSource
                – HikariPool-1 - Shutdown initiated...
61215 [SpringApplicationShutdownHook] INFO  com.zaxxer.hikari.HikariDataSource
                – HikariPool-1 - Shutdown completed.
1015 [main] INFO  o.d.prack15.Prack15Application
                – Starting Prack15Application using Java 21.0.2 with PID 10912 (C:\Users\user\IdeaProjects\pr21\target\classes started by user in C:\Users\user\IdeaProjects\pr21)
1018 [main] INFO  o.d.prack15.Prack15Application
                – No active profile set, falling back to 1 default profile: "default"
1956 [main] INFO  o.s.d.r.c.RepositoryConfigurationDelegate
                – Bootstrapping Spring Data JPA repositories in DEFAULT mode.
2038 [main] INFO  o.s.d.r.c.RepositoryConfigurationDelegate
                – Finished Spring Data repository scanning in 70 ms. Found 2 JPA repository interfaces.
3077 [main] INFO  o.s.b.w.e.tomcat.TomcatWebServer
                – Tomcat initialized with port 8080 (http)
3096 [main] INFO  o.a.coyote.http11.Http11NioProtocol
                – Initializing ProtocolHandler ["http-nio-8080"]
3099 [main] INFO  o.a.catalina.core.StandardService
                – Starting service [Tomcat]
3100 [main] INFO  o.a.catalina.core.StandardEngine
                – Starting Servlet engine: [Apache Tomcat/10.1.19]
3189 [main] INFO  o.a.c.c.C.[Tomcat].[localhost].[/]
                – Initializing Spring embedded WebApplicationContext
3189 [main] INFO  o.s.b.w.s.c.ServletWebServerApplicationContext
                – Root WebApplicationContext: initialization completed in 2107 ms
3512 [main] INFO  o.h.jpa.internal.util.LogHelper
                – HHH000204: Processing PersistenceUnitInfo [name: default]
3606 [main] INFO  org.hibernate.Version
                – HHH000412: Hibernate ORM core version 6.4.4.Final
3662 [main] INFO  o.h.c.i.RegionFactoryInitiator
                – HHH000026: Second-level cache disabled
4093 [main] INFO  o.s.o.j.p.SpringPersistenceUnitInfo
                – No LoadTimeWeaver setup: ignoring JPA class transformer
4153 [main] INFO  com.zaxxer.hikari.HikariDataSource
                – HikariPool-1 - Starting...
4431 [main] INFO  com.zaxxer.hikari.pool.HikariPool
                – HikariPool-1 - Added connection org.postgresql.jdbc.PgConnection@70f85235
4434 [main] INFO  com.zaxxer.hikari.HikariDataSource
                – HikariPool-1 - Start completed.
4488 [main] WARN  org.hibernate.orm.deprecation
                – HHH90000025: PostgreSQLDialect does not need to be specified explicitly using 'hibernate.dialect' (remove the property setting and it will be selected by default)
5963 [main] INFO  o.h.e.t.j.p.i.JtaPlatformInitiator
                – HHH000489: No JTA platform available (set 'hibernate.transaction.jta.platform' to enable JTA platform integration)
6067 [main] INFO  o.s.o.j.LocalContainerEntityManagerFactoryBean
                – Initialized JPA EntityManagerFactory for persistence unit 'default'
6956 [main] WARN  o.s.b.a.o.j.JpaBaseConfiguration$JpaWebConfiguration
                – spring.jpa.open-in-view is enabled by default. Therefore, database queries may be performed during view rendering. Explicitly configure spring.jpa.open-in-view to disable this warning
7695 [main] INFO  o.a.coyote.http11.Http11NioProtocol
                – Starting ProtocolHandler ["http-nio-8080"]
7728 [main] INFO  o.s.b.w.e.tomcat.TomcatWebServer
                – Tomcat started on port 8080 (http) with context path ''
7744 [main] INFO  o.d.prack15.Prack15Application
                – Started Prack15Application in 7.238 seconds (process running for 8.501)
7983 [scheduling-1] INFO  o.d.p.a.ServiceExecutionTimeAspect
                – void org.dmitriy.prack15.services.DataProcessingService.processData() executed in 227ms
47628 [SpringApplicationShutdownHook] INFO  o.s.o.j.LocalContainerEntityManagerFactoryBean
                – Closing JPA EntityManagerFactory for persistence unit 'default'
47632 [SpringApplicationShutdownHook] INFO  com.zaxxer.hikari.HikariDataSource
                – HikariPool-1 - Shutdown initiated...
47643 [SpringApplicationShutdownHook] INFO  com.zaxxer.hikari.HikariDataSource
                – HikariPool-1 - Shutdown completed.
1043 [main] INFO  o.d.prack15.Prack15Application
                – Starting Prack15Application using Java 21.0.2 with PID 15992 (C:\Users\user\IdeaProjects\pr21\target\classes started by user in C:\Users\user\IdeaProjects\pr21)
1046 [main] INFO  o.d.prack15.Prack15Application
                – No active profile set, falling back to 1 default profile: "default"
1969 [main] INFO  o.s.d.r.c.RepositoryConfigurationDelegate
                – Bootstrapping Spring Data JPA repositories in DEFAULT mode.
2048 [main] INFO  o.s.d.r.c.RepositoryConfigurationDelegate
                – Finished Spring Data repository scanning in 68 ms. Found 2 JPA repository interfaces.
3177 [main] INFO  o.s.b.w.e.tomcat.TomcatWebServer
                – Tomcat initialized with port 8080 (http)
3195 [main] INFO  o.a.coyote.http11.Http11NioProtocol
                – Initializing ProtocolHandler ["http-nio-8080"]
3199 [main] INFO  o.a.catalina.core.StandardService
                – Starting service [Tomcat]
3199 [main] INFO  o.a.catalina.core.StandardEngine
                – Starting Servlet engine: [Apache Tomcat/10.1.19]
3313 [main] INFO  o.a.c.c.C.[Tomcat].[localhost].[/]
                – Initializing Spring embedded WebApplicationContext
3314 [main] INFO  o.s.b.w.s.c.ServletWebServerApplicationContext
                – Root WebApplicationContext: initialization completed in 2207 ms
3603 [main] INFO  o.h.jpa.internal.util.LogHelper
                – HHH000204: Processing PersistenceUnitInfo [name: default]
3685 [main] INFO  org.hibernate.Version
                – HHH000412: Hibernate ORM core version 6.4.4.Final
3736 [main] INFO  o.h.c.i.RegionFactoryInitiator
                – HHH000026: Second-level cache disabled
4200 [main] INFO  o.s.o.j.p.SpringPersistenceUnitInfo
                – No LoadTimeWeaver setup: ignoring JPA class transformer
4260 [main] INFO  com.zaxxer.hikari.HikariDataSource
                – HikariPool-1 - Starting...
4542 [main] INFO  com.zaxxer.hikari.pool.HikariPool
                – HikariPool-1 - Added connection org.postgresql.jdbc.PgConnection@1d55dd21
4546 [main] INFO  com.zaxxer.hikari.HikariDataSource
                – HikariPool-1 - Start completed.
4618 [main] WARN  org.hibernate.orm.deprecation
                – HHH90000025: PostgreSQLDialect does not need to be specified explicitly using 'hibernate.dialect' (remove the property setting and it will be selected by default)
6315 [main] INFO  o.h.e.t.j.p.i.JtaPlatformInitiator
                – HHH000489: No JTA platform available (set 'hibernate.transaction.jta.platform' to enable JTA platform integration)
6424 [main] INFO  o.s.o.j.LocalContainerEntityManagerFactoryBean
                – Initialized JPA EntityManagerFactory for persistence unit 'default'
7369 [main] WARN  o.s.b.a.o.j.JpaBaseConfiguration$JpaWebConfiguration
                – spring.jpa.open-in-view is enabled by default. Therefore, database queries may be performed during view rendering. Explicitly configure spring.jpa.open-in-view to disable this warning
8118 [main] INFO  o.a.coyote.http11.Http11NioProtocol
                – Starting ProtocolHandler ["http-nio-8080"]
8144 [main] INFO  o.s.b.w.e.tomcat.TomcatWebServer
                – Tomcat started on port 8080 (http) with context path ''
8159 [main] INFO  o.d.prack15.Prack15Application
                – Started Prack15Application in 7.664 seconds (process running for 8.991)
8416 [scheduling-1] INFO  o.d.p.a.ServiceExecutionTimeAspect
                – void org.dmitriy.prack15.services.DataProcessingService.processData() executed in 243ms
25902 [SpringApplicationShutdownHook] INFO  o.s.o.j.LocalContainerEntityManagerFactoryBean
                – Closing JPA EntityManagerFactory for persistence unit 'default'
25905 [SpringApplicationShutdownHook] INFO  com.zaxxer.hikari.HikariDataSource
                – HikariPool-1 - Shutdown initiated...
25914 [SpringApplicationShutdownHook] INFO  com.zaxxer.hikari.HikariDataSource
                – HikariPool-1 - Shutdown completed.
1080 [main] INFO  o.d.prack15.Prack15Application
                – Starting Prack15Application using Java 21.0.2 with PID 11208 (C:\Users\user\IdeaProjects\pr21\target\classes started by user in C:\Users\user\IdeaProjects\pr21)
1084 [main] INFO  o.d.prack15.Prack15Application
                – No active profile set, falling back to 1 default profile: "default"
1976 [main] INFO  o.s.d.r.c.RepositoryConfigurationDelegate
                – Bootstrapping Spring Data JPA repositories in DEFAULT mode.
2057 [main] INFO  o.s.d.r.c.RepositoryConfigurationDelegate
                – Finished Spring Data repository scanning in 69 ms. Found 2 JPA repository interfaces.
3050 [main] INFO  o.s.b.w.e.tomcat.TomcatWebServer
                – Tomcat initialized with port 8080 (http)
3065 [main] INFO  o.a.coyote.http11.Http11NioProtocol
                – Initializing ProtocolHandler ["http-nio-8080"]
3068 [main] INFO  o.a.catalina.core.StandardService
                – Starting service [Tomcat]
3068 [main] INFO  o.a.catalina.core.StandardEngine
                – Starting Servlet engine: [Apache Tomcat/10.1.19]
3164 [main] INFO  o.a.c.c.C.[Tomcat].[localhost].[/]
                – Initializing Spring embedded WebApplicationContext
3165 [main] INFO  o.s.b.w.s.c.ServletWebServerApplicationContext
                – Root WebApplicationContext: initialization completed in 2020 ms
3464 [main] INFO  o.h.jpa.internal.util.LogHelper
                – HHH000204: Processing PersistenceUnitInfo [name: default]
3570 [main] INFO  org.hibernate.Version
                – HHH000412: Hibernate ORM core version 6.4.4.Final
3631 [main] INFO  o.h.c.i.RegionFactoryInitiator
                – HHH000026: Second-level cache disabled
4054 [main] INFO  o.s.o.j.p.SpringPersistenceUnitInfo
                – No LoadTimeWeaver setup: ignoring JPA class transformer
4093 [main] INFO  com.zaxxer.hikari.HikariDataSource
                – HikariPool-1 - Starting...
4381 [main] INFO  com.zaxxer.hikari.pool.HikariPool
                – HikariPool-1 - Added connection org.postgresql.jdbc.PgConnection@71039ce1
4385 [main] INFO  com.zaxxer.hikari.HikariDataSource
                – HikariPool-1 - Start completed.
4466 [main] WARN  org.hibernate.orm.deprecation
                – HHH90000025: PostgreSQLDialect does not need to be specified explicitly using 'hibernate.dialect' (remove the property setting and it will be selected by default)
6007 [main] INFO  o.h.e.t.j.p.i.JtaPlatformInitiator
                – HHH000489: No JTA platform available (set 'hibernate.transaction.jta.platform' to enable JTA platform integration)
6114 [main] INFO  o.s.o.j.LocalContainerEntityManagerFactoryBean
                – Initialized JPA EntityManagerFactory for persistence unit 'default'
7006 [main] WARN  o.s.b.a.o.j.JpaBaseConfiguration$JpaWebConfiguration
                – spring.jpa.open-in-view is enabled by default. Therefore, database queries may be performed during view rendering. Explicitly configure spring.jpa.open-in-view to disable this warning
7781 [main] INFO  o.a.coyote.http11.Http11NioProtocol
                – Starting ProtocolHandler ["http-nio-8080"]
7814 [main] INFO  o.s.b.w.e.tomcat.TomcatWebServer
                – Tomcat started on port 8080 (http) with context path ''
7831 [main] INFO  o.d.prack15.Prack15Application
                – Started Prack15Application in 7.293 seconds (process running for 8.56)
8127 [scheduling-1] INFO  o.d.p.a.ServiceExecutionTimeAspect
                – void org.dmitriy.prack15.services.DataProcessingService.processData() executed in 281ms
143050 [SpringApplicationShutdownHook] INFO  o.s.o.j.LocalContainerEntityManagerFactoryBean
                – Closing JPA EntityManagerFactory for persistence unit 'default'
143054 [SpringApplicationShutdownHook] INFO  com.zaxxer.hikari.HikariDataSource
                – HikariPool-1 - Shutdown initiated...
143063 [SpringApplicationShutdownHook] INFO  com.zaxxer.hikari.HikariDataSource
                – HikariPool-1 - Shutdown completed.
1123 [main] INFO  o.d.prack15.Prack15Application
                – Starting Prack15Application using Java 21.0.2 with PID 10800 (C:\Users\user\IdeaProjects\pr21\target\classes started by user in C:\Users\user\IdeaProjects\pr21)
1125 [main] INFO  o.d.prack15.Prack15Application
                – No active profile set, falling back to 1 default profile: "default"
2134 [main] INFO  o.s.d.r.c.RepositoryConfigurationDelegate
                – Bootstrapping Spring Data JPA repositories in DEFAULT mode.
2244 [main] INFO  o.s.d.r.c.RepositoryConfigurationDelegate
                – Finished Spring Data repository scanning in 97 ms. Found 2 JPA repository interfaces.
3367 [main] INFO  o.s.b.w.e.tomcat.TomcatWebServer
                – Tomcat initialized with port 8080 (http)
3384 [main] INFO  o.a.coyote.http11.Http11NioProtocol
                – Initializing ProtocolHandler ["http-nio-8080"]
3387 [main] INFO  o.a.catalina.core.StandardService
                – Starting service [Tomcat]
3387 [main] INFO  o.a.catalina.core.StandardEngine
                – Starting Servlet engine: [Apache Tomcat/10.1.19]
3484 [main] INFO  o.a.c.c.C.[Tomcat].[localhost].[/]
                – Initializing Spring embedded WebApplicationContext
3485 [main] INFO  o.s.b.w.s.c.ServletWebServerApplicationContext
                – Root WebApplicationContext: initialization completed in 2293 ms
3802 [main] INFO  o.h.jpa.internal.util.LogHelper
                – HHH000204: Processing PersistenceUnitInfo [name: default]
3920 [main] INFO  org.hibernate.Version
                – HHH000412: Hibernate ORM core version 6.4.4.Final
3989 [main] INFO  o.h.c.i.RegionFactoryInitiator
                – HHH000026: Second-level cache disabled
4439 [main] INFO  o.s.o.j.p.SpringPersistenceUnitInfo
                – No LoadTimeWeaver setup: ignoring JPA class transformer
4489 [main] INFO  com.zaxxer.hikari.HikariDataSource
                – HikariPool-1 - Starting...
4757 [main] INFO  com.zaxxer.hikari.pool.HikariPool
                – HikariPool-1 - Added connection org.postgresql.jdbc.PgConnection@7d6c4079
4759 [main] INFO  com.zaxxer.hikari.HikariDataSource
                – HikariPool-1 - Start completed.
4821 [main] WARN  org.hibernate.orm.deprecation
                – HHH90000025: PostgreSQLDialect does not need to be specified explicitly using 'hibernate.dialect' (remove the property setting and it will be selected by default)
6501 [main] INFO  o.h.e.t.j.p.i.JtaPlatformInitiator
                – HHH000489: No JTA platform available (set 'hibernate.transaction.jta.platform' to enable JTA platform integration)
6605 [main] INFO  o.s.o.j.LocalContainerEntityManagerFactoryBean
                – Initialized JPA EntityManagerFactory for persistence unit 'default'
7623 [main] WARN  o.s.b.a.o.j.JpaBaseConfiguration$JpaWebConfiguration
                – spring.jpa.open-in-view is enabled by default. Therefore, database queries may be performed during view rendering. Explicitly configure spring.jpa.open-in-view to disable this warning
8538 [main] INFO  o.a.coyote.http11.Http11NioProtocol
                – Starting ProtocolHandler ["http-nio-8080"]
8579 [main] INFO  o.s.b.w.e.tomcat.TomcatWebServer
                – Tomcat started on port 8080 (http) with context path ''
8599 [main] INFO  o.d.prack15.Prack15Application
                – Started Prack15Application in 8.051 seconds (process running for 9.464)
8904 [scheduling-1] INFO  o.d.p.a.ServiceExecutionTimeAspect
                – void org.dmitriy.prack15.services.DataProcessingService.processData() executed in 276ms
114257 [SpringApplicationShutdownHook] INFO  o.s.o.j.LocalContainerEntityManagerFactoryBean
                – Closing JPA EntityManagerFactory for persistence unit 'default'
114260 [SpringApplicationShutdownHook] INFO  com.zaxxer.hikari.HikariDataSource
                – HikariPool-1 - Shutdown initiated...
114270 [SpringApplicationShutdownHook] INFO  com.zaxxer.hikari.HikariDataSource
                – HikariPool-1 - Shutdown completed.
1088 [main] INFO  o.d.prack15.Prack15Application
                – Starting Prack15Application using Java 21.0.2 with PID 13360 (C:\Users\user\IdeaProjects\pr21\target\classes started by user in C:\Users\user\IdeaProjects\pr21)
1091 [main] INFO  o.d.prack15.Prack15Application
                – No active profile set, falling back to 1 default profile: "default"
2098 [main] INFO  o.s.d.r.c.RepositoryConfigurationDelegate
                – Bootstrapping Spring Data JPA repositories in DEFAULT mode.
2210 [main] INFO  o.s.d.r.c.RepositoryConfigurationDelegate
                – Finished Spring Data repository scanning in 98 ms. Found 2 JPA repository interfaces.
3272 [main] INFO  o.s.b.w.e.tomcat.TomcatWebServer
                – Tomcat initialized with port 8080 (http)
3290 [main] INFO  o.a.coyote.http11.Http11NioProtocol
                – Initializing ProtocolHandler ["http-nio-8080"]
3293 [main] INFO  o.a.catalina.core.StandardService
                – Starting service [Tomcat]
3293 [main] INFO  o.a.catalina.core.StandardEngine
                – Starting Servlet engine: [Apache Tomcat/10.1.19]
3402 [main] INFO  o.a.c.c.C.[Tomcat].[localhost].[/]
                – Initializing Spring embedded WebApplicationContext
3402 [main] INFO  o.s.b.w.s.c.ServletWebServerApplicationContext
                – Root WebApplicationContext: initialization completed in 2248 ms
3724 [main] INFO  o.h.jpa.internal.util.LogHelper
                – HHH000204: Processing PersistenceUnitInfo [name: default]
3820 [main] INFO  org.hibernate.Version
                – HHH000412: Hibernate ORM core version 6.4.4.Final
3874 [main] INFO  o.h.c.i.RegionFactoryInitiator
                – HHH000026: Second-level cache disabled
4364 [main] INFO  o.s.o.j.p.SpringPersistenceUnitInfo
                – No LoadTimeWeaver setup: ignoring JPA class transformer
4408 [main] INFO  com.zaxxer.hikari.HikariDataSource
                – HikariPool-1 - Starting...
4686 [main] INFO  com.zaxxer.hikari.pool.HikariPool
                – HikariPool-1 - Added connection org.postgresql.jdbc.PgConnection@44aed6a4
4688 [main] INFO  com.zaxxer.hikari.HikariDataSource
                – HikariPool-1 - Start completed.
4753 [main] WARN  org.hibernate.orm.deprecation
                – HHH90000025: PostgreSQLDialect does not need to be specified explicitly using 'hibernate.dialect' (remove the property setting and it will be selected by default)
6478 [main] INFO  o.h.e.t.j.p.i.JtaPlatformInitiator
                – HHH000489: No JTA platform available (set 'hibernate.transaction.jta.platform' to enable JTA platform integration)
6589 [main] INFO  o.s.o.j.LocalContainerEntityManagerFactoryBean
                – Initialized JPA EntityManagerFactory for persistence unit 'default'
7531 [main] WARN  o.s.b.a.o.j.JpaBaseConfiguration$JpaWebConfiguration
                – spring.jpa.open-in-view is enabled by default. Therefore, database queries may be performed during view rendering. Explicitly configure spring.jpa.open-in-view to disable this warning
8327 [main] INFO  o.a.coyote.http11.Http11NioProtocol
                – Starting ProtocolHandler ["http-nio-8080"]
8359 [main] INFO  o.s.b.w.e.tomcat.TomcatWebServer
                – Tomcat started on port 8080 (http) with context path ''
8378 [main] INFO  o.d.prack15.Prack15Application
                – Started Prack15Application in 7.868 seconds (process running for 9.183)
8654 [scheduling-1] INFO  o.d.p.a.ServiceExecutionTimeAspect
                – void org.dmitriy.prack15.services.DataProcessingService.processData() executed in 254ms
94506 [SpringApplicationShutdownHook] INFO  o.s.o.j.LocalContainerEntityManagerFactoryBean
                – Closing JPA EntityManagerFactory for persistence unit 'default'
94509 [SpringApplicationShutdownHook] INFO  com.zaxxer.hikari.HikariDataSource
                – HikariPool-1 - Shutdown initiated...
94521 [SpringApplicationShutdownHook] INFO  com.zaxxer.hikari.HikariDataSource
                – HikariPool-1 - Shutdown completed.
